<?xml version="1.0" encoding="UTF-8"?>
<testng-results skipped="0" failed="3" total="3" passed="0">
  <reporter-output>
  </reporter-output>
  <suite name="My Test Suite" duration-ms="0" started-at="2016-10-11T06:31:40Z" finished-at="2016-10-11T06:31:40Z">
    <groups>
    </groups>
  </suite> <!-- My Test Suite -->
  <suite name="Parallel test runs" duration-ms="70783" started-at="2016-10-11T06:30:29Z" finished-at="2016-10-11T06:31:40Z">
    <groups>
    </groups>
    <test name="IE" duration-ms="8844" started-at="2016-10-11T06:30:29Z" finished-at="2016-10-11T06:30:38Z">
      <class name="tengr.tests.IETest">
        <test-method status="PASS" signature="setUp()[pri:0, instance:tengr.tests.IETest@61832929]" name="setUp" is-config="true" duration-ms="7540" started-at="2016-10-11T14:30:29Z" finished-at="2016-10-11T14:30:37Z">
          <reporter-output>
          </reporter-output>
        </test-method> <!-- setUp -->
        <test-method status="FAIL" signature="testJavaWebDriver()[pri:0, instance:tengr.tests.IETest@61832929]" name="testJavaWebDriver" duration-ms="6" started-at="2016-10-11T14:30:37Z" finished-at="2016-10-11T14:30:37Z">
          <exception class="java.lang.ClassCastException">
            <message>
              <![CDATA[java.lang.ThreadLocal cannot be cast to org.openqa.selenium.WebElement]]>
            </message>
            <full-stacktrace>
              <![CDATA[java.lang.ClassCastException: java.lang.ThreadLocal cannot be cast to org.openqa.selenium.WebElement
	at tengr.tests.TestBase.testJavaWebDriver(TestBase.java:40)
	at sun.reflect.NativeMethodAccessorImpl.invoke0(Native Method)
	at sun.reflect.NativeMethodAccessorImpl.invoke(NativeMethodAccessorImpl.java:62)
	at sun.reflect.DelegatingMethodAccessorImpl.invoke(DelegatingMethodAccessorImpl.java:43)
	at java.lang.reflect.Method.invoke(Method.java:483)
	at org.testng.internal.MethodInvocationHelper.invokeMethod(MethodInvocationHelper.java:85)
	at org.testng.internal.Invoker.invokeMethod(Invoker.java:659)
	at org.testng.internal.Invoker.invokeTestMethod(Invoker.java:845)
	at org.testng.internal.Invoker.invokeTestMethods(Invoker.java:1153)
	at org.testng.internal.TestMethodWorker.invokeTestMethods(TestMethodWorker.java:125)
	at org.testng.internal.TestMethodWorker.run(TestMethodWorker.java:108)
	at org.testng.TestRunner.privateRun(TestRunner.java:771)
	at org.testng.TestRunner.run(TestRunner.java:621)
	at org.testng.SuiteRunner.runTest(SuiteRunner.java:357)
	at org.testng.SuiteRunner.access$000(SuiteRunner.java:38)
	at org.testng.SuiteRunner$SuiteWorker.run(SuiteRunner.java:391)
	at org.testng.internal.thread.ThreadUtil$2.call(ThreadUtil.java:64)
	at java.util.concurrent.FutureTask.run(FutureTask.java:266)
	at java.util.concurrent.ThreadPoolExecutor.runWorker(ThreadPoolExecutor.java:1142)
	at java.util.concurrent.ThreadPoolExecutor$Worker.run(ThreadPoolExecutor.java:617)
	at java.lang.Thread.run(Thread.java:745)
]]>
            </full-stacktrace>
          </exception> <!-- java.lang.ClassCastException -->
          <reporter-output>
          </reporter-output>
        </test-method> <!-- testJavaWebDriver -->
        <test-method status="PASS" signature="closeBrowser()[pri:0, instance:tengr.tests.IETest@61832929]" name="closeBrowser" is-config="true" duration-ms="1281" started-at="2016-10-11T14:30:37Z" finished-at="2016-10-11T14:30:38Z">
          <reporter-output>
          </reporter-output>
        </test-method> <!-- closeBrowser -->
      </class> <!-- tengr.tests.IETest -->
    </test> <!-- IE -->
    <test name="Firefox" duration-ms="47648" started-at="2016-10-11T06:30:29Z" finished-at="2016-10-11T06:31:17Z">
      <class name="tengr.tests.FirefoxTest">
        <test-method status="PASS" signature="setUp()[pri:0, instance:tengr.tests.FirefoxTest@396a51ab]" name="setUp" is-config="true" duration-ms="44926" started-at="2016-10-11T14:30:29Z" finished-at="2016-10-11T14:31:14Z">
          <reporter-output>
          </reporter-output>
        </test-method> <!-- setUp -->
        <test-method status="FAIL" signature="testJavaWebDriver()[pri:0, instance:tengr.tests.FirefoxTest@396a51ab]" name="testJavaWebDriver" duration-ms="2" started-at="2016-10-11T14:31:14Z" finished-at="2016-10-11T14:31:14Z">
          <exception class="java.lang.ClassCastException">
            <message>
              <![CDATA[java.lang.ThreadLocal cannot be cast to org.openqa.selenium.WebElement]]>
            </message>
            <full-stacktrace>
              <![CDATA[java.lang.ClassCastException: java.lang.ThreadLocal cannot be cast to org.openqa.selenium.WebElement
	at tengr.tests.TestBase.testJavaWebDriver(TestBase.java:40)
	at sun.reflect.NativeMethodAccessorImpl.invoke0(Native Method)
	at sun.reflect.NativeMethodAccessorImpl.invoke(NativeMethodAccessorImpl.java:62)
	at sun.reflect.DelegatingMethodAccessorImpl.invoke(DelegatingMethodAccessorImpl.java:43)
	at java.lang.reflect.Method.invoke(Method.java:483)
	at org.testng.internal.MethodInvocationHelper.invokeMethod(MethodInvocationHelper.java:85)
	at org.testng.internal.Invoker.invokeMethod(Invoker.java:659)
	at org.testng.internal.Invoker.invokeTestMethod(Invoker.java:845)
	at org.testng.internal.Invoker.invokeTestMethods(Invoker.java:1153)
	at org.testng.internal.TestMethodWorker.invokeTestMethods(TestMethodWorker.java:125)
	at org.testng.internal.TestMethodWorker.run(TestMethodWorker.java:108)
	at org.testng.TestRunner.privateRun(TestRunner.java:771)
	at org.testng.TestRunner.run(TestRunner.java:621)
	at org.testng.SuiteRunner.runTest(SuiteRunner.java:357)
	at org.testng.SuiteRunner.access$000(SuiteRunner.java:38)
	at org.testng.SuiteRunner$SuiteWorker.run(SuiteRunner.java:391)
	at org.testng.internal.thread.ThreadUtil$2.call(ThreadUtil.java:64)
	at java.util.concurrent.FutureTask.run(FutureTask.java:266)
	at java.util.concurrent.ThreadPoolExecutor.runWorker(ThreadPoolExecutor.java:1142)
	at java.util.concurrent.ThreadPoolExecutor$Worker.run(ThreadPoolExecutor.java:617)
	at java.lang.Thread.run(Thread.java:745)
]]>
            </full-stacktrace>
          </exception> <!-- java.lang.ClassCastException -->
          <reporter-output>
          </reporter-output>
        </test-method> <!-- testJavaWebDriver -->
        <test-method status="PASS" signature="closeBrowser()[pri:0, instance:tengr.tests.FirefoxTest@396a51ab]" name="closeBrowser" is-config="true" duration-ms="2703" started-at="2016-10-11T14:31:14Z" finished-at="2016-10-11T14:31:17Z">
          <reporter-output>
          </reporter-output>
        </test-method> <!-- closeBrowser -->
      </class> <!-- tengr.tests.FirefoxTest -->
    </test> <!-- Firefox -->
    <test name="Chrome" duration-ms="70783" started-at="2016-10-11T06:30:29Z" finished-at="2016-10-11T06:31:40Z">
      <class name="tengr.tests.ChromeTest">
        <test-method status="PASS" signature="setUp()[pri:0, instance:tengr.tests.ChromeTest@14acaea5]" name="setUp" is-config="true" duration-ms="69899" started-at="2016-10-11T14:30:29Z" finished-at="2016-10-11T14:31:39Z">
          <reporter-output>
          </reporter-output>
        </test-method> <!-- setUp -->
        <test-method status="FAIL" signature="testJavaWebDriver()[pri:0, instance:tengr.tests.ChromeTest@14acaea5]" name="testJavaWebDriver" duration-ms="2" started-at="2016-10-11T14:31:39Z" finished-at="2016-10-11T14:31:39Z">
          <exception class="java.lang.ClassCastException">
            <message>
              <![CDATA[java.lang.ThreadLocal cannot be cast to org.openqa.selenium.WebElement]]>
            </message>
            <full-stacktrace>
              <![CDATA[java.lang.ClassCastException: java.lang.ThreadLocal cannot be cast to org.openqa.selenium.WebElement
	at tengr.tests.TestBase.testJavaWebDriver(TestBase.java:40)
	at sun.reflect.NativeMethodAccessorImpl.invoke0(Native Method)
	at sun.reflect.NativeMethodAccessorImpl.invoke(NativeMethodAccessorImpl.java:62)
	at sun.reflect.DelegatingMethodAccessorImpl.invoke(DelegatingMethodAccessorImpl.java:43)
	at java.lang.reflect.Method.invoke(Method.java:483)
	at org.testng.internal.MethodInvocationHelper.invokeMethod(MethodInvocationHelper.java:85)
	at org.testng.internal.Invoker.invokeMethod(Invoker.java:659)
	at org.testng.internal.Invoker.invokeTestMethod(Invoker.java:845)
	at org.testng.internal.Invoker.invokeTestMethods(Invoker.java:1153)
	at org.testng.internal.TestMethodWorker.invokeTestMethods(TestMethodWorker.java:125)
	at org.testng.internal.TestMethodWorker.run(TestMethodWorker.java:108)
	at org.testng.TestRunner.privateRun(TestRunner.java:771)
	at org.testng.TestRunner.run(TestRunner.java:621)
	at org.testng.SuiteRunner.runTest(SuiteRunner.java:357)
	at org.testng.SuiteRunner.access$000(SuiteRunner.java:38)
	at org.testng.SuiteRunner$SuiteWorker.run(SuiteRunner.java:391)
	at org.testng.internal.thread.ThreadUtil$2.call(ThreadUtil.java:64)
	at java.util.concurrent.FutureTask.run(FutureTask.java:266)
	at java.util.concurrent.ThreadPoolExecutor.runWorker(ThreadPoolExecutor.java:1142)
	at java.util.concurrent.ThreadPoolExecutor$Worker.run(ThreadPoolExecutor.java:617)
	at java.lang.Thread.run(Thread.java:745)
]]>
            </full-stacktrace>
          </exception> <!-- java.lang.ClassCastException -->
          <reporter-output>
          </reporter-output>
        </test-method> <!-- testJavaWebDriver -->
        <test-method status="PASS" signature="closeBrowser()[pri:0, instance:tengr.tests.ChromeTest@14acaea5]" name="closeBrowser" is-config="true" duration-ms="867" started-at="2016-10-11T14:31:39Z" finished-at="2016-10-11T14:31:40Z">
          <reporter-output>
          </reporter-output>
        </test-method> <!-- closeBrowser -->
      </class> <!-- tengr.tests.ChromeTest -->
    </test> <!-- Chrome -->
  </suite> <!-- Parallel test runs -->
</testng-results>
